CRITICAL - 2026-02-26 17:09:51 --> ErrorException: Undefined array key 0
[Method: POST, Route: verificarHuella]
in APPPATH\Controllers\Kiosko.php on line 53.
 1 APPPATH\Controllers\Kiosko.php(53): CodeIgniter\Debug\Exceptions->errorHandler(2, 'Undefined array key 0', 'C:\\xampp\\htdocs\\VitalGymSistema\\app\\Controllers\\Kiosko.php', 53)
 2 SYSTEMPATH\CodeIgniter.php(933): App\Controllers\Kiosko->verificarHuella()
 3 SYSTEMPATH\CodeIgniter.php(509): CodeIgniter\CodeIgniter->runController(Object(App\Controllers\Kiosko))
 4 SYSTEMPATH\CodeIgniter.php(355): CodeIgniter\CodeIgniter->handleRequest(null, Object(Config\Cache), false)
 5 SYSTEMPATH\Boot.php(334): CodeIgniter\CodeIgniter->run()
 6 SYSTEMPATH\Boot.php(67): CodeIgniter\Boot::runCodeIgniter(Object(CodeIgniter\CodeIgniter))
 7 FCPATH\index.php(56): CodeIgniter\Boot::bootWeb(Object(Config\Paths))
 8 SYSTEMPATH\rewrite.php(44): require_once('C:\\xampp\\htdocs\\VitalGymSistema\\public\\index.php')
CRITICAL - 2026-02-26 17:16:58 --> ErrorException: Undefined variable $clienteModel
[Method: GET, Route: acceso-clientes]
in APPPATH\Controllers\Kiosko.php on line 19.
 1 APPPATH\Controllers\Kiosko.php(19): CodeIgniter\Debug\Exceptions->errorHandler(2, 'Undefined variable $clienteModel', 'C:\\xampp\\htdocs\\VitalGymSistema\\app\\Controllers\\Kiosko.php', 19)
 2 SYSTEMPATH\CodeIgniter.php(933): App\Controllers\Kiosko->index()
 3 SYSTEMPATH\CodeIgniter.php(509): CodeIgniter\CodeIgniter->runController(Object(App\Controllers\Kiosko))
 4 SYSTEMPATH\CodeIgniter.php(355): CodeIgniter\CodeIgniter->handleRequest(null, Object(Config\Cache), false)
 5 SYSTEMPATH\Boot.php(334): CodeIgniter\CodeIgniter->run()
 6 SYSTEMPATH\Boot.php(67): CodeIgniter\Boot::runCodeIgniter(Object(CodeIgniter\CodeIgniter))
 7 FCPATH\index.php(56): CodeIgniter\Boot::bootWeb(Object(Config\Paths))
 8 SYSTEMPATH\rewrite.php(44): require_once('C:\\xampp\\htdocs\\VitalGymSistema\\public\\index.php')
CRITICAL - 2026-02-26 17:17:00 --> ErrorException: Undefined variable $clienteModel
[Method: GET, Route: acceso-clientes]
in APPPATH\Controllers\Kiosko.php on line 19.
 1 APPPATH\Controllers\Kiosko.php(19): CodeIgniter\Debug\Exceptions->errorHandler(2, 'Undefined variable $clienteModel', 'C:\\xampp\\htdocs\\VitalGymSistema\\app\\Controllers\\Kiosko.php', 19)
 2 SYSTEMPATH\CodeIgniter.php(933): App\Controllers\Kiosko->index()
 3 SYSTEMPATH\CodeIgniter.php(509): CodeIgniter\CodeIgniter->runController(Object(App\Controllers\Kiosko))
 4 SYSTEMPATH\CodeIgniter.php(355): CodeIgniter\CodeIgniter->handleRequest(null, Object(Config\Cache), false)
 5 SYSTEMPATH\Boot.php(334): CodeIgniter\CodeIgniter->run()
 6 SYSTEMPATH\Boot.php(67): CodeIgniter\Boot::runCodeIgniter(Object(CodeIgniter\CodeIgniter))
 7 FCPATH\index.php(56): CodeIgniter\Boot::bootWeb(Object(Config\Paths))
 8 SYSTEMPATH\rewrite.php(44): require_once('C:\\xampp\\htdocs\\VitalGymSistema\\public\\index.php')
CRITICAL - 2026-02-26 17:24:59 --> ErrorException: Undefined array key "ApellidoM"
[Method: POST, Route: verificarHuella]
in APPPATH\Controllers\Kiosko.php on line 64.
 1 APPPATH\Controllers\Kiosko.php(64): CodeIgniter\Debug\Exceptions->errorHandler(2, 'Undefined array key "ApellidoM"', 'C:\\xampp\\htdocs\\VitalGymSistema\\app\\Controllers\\Kiosko.php', 64)
 2 SYSTEMPATH\CodeIgniter.php(933): App\Controllers\Kiosko->verificarHuella()
 3 SYSTEMPATH\CodeIgniter.php(509): CodeIgniter\CodeIgniter->runController(Object(App\Controllers\Kiosko))
 4 SYSTEMPATH\CodeIgniter.php(355): CodeIgniter\CodeIgniter->handleRequest(null, Object(Config\Cache), false)
 5 SYSTEMPATH\Boot.php(334): CodeIgniter\CodeIgniter->run()
 6 SYSTEMPATH\Boot.php(67): CodeIgniter\Boot::runCodeIgniter(Object(CodeIgniter\CodeIgniter))
 7 FCPATH\index.php(56): CodeIgniter\Boot::bootWeb(Object(Config\Paths))
 8 SYSTEMPATH\rewrite.php(44): require_once('C:\\xampp\\htdocs\\VitalGymSistema\\public\\index.php')
CRITICAL - 2026-02-26 20:02:28 --> ErrorException: Attempt to read property "id" on array
[Method: GET, Route: /]
in APPPATH\Controllers\Home.php on line 163.
 1 APPPATH\Controllers\Home.php(163): CodeIgniter\Debug\Exceptions->errorHandler(2, 'Attempt to read property "id" on array', 'C:\\xampp\\htdocs\\VitalGymSistema\\app\\Controllers\\Home.php', 163)
 2 APPPATH\Controllers\Home.php(17): App\Controllers\Home->ObtenerUsuario()
 3 SYSTEMPATH\CodeIgniter.php(933): App\Controllers\Home->index()
 4 SYSTEMPATH\CodeIgniter.php(509): CodeIgniter\CodeIgniter->runController(Object(App\Controllers\Home))
 5 SYSTEMPATH\CodeIgniter.php(355): CodeIgniter\CodeIgniter->handleRequest(null, Object(Config\Cache), false)
 6 SYSTEMPATH\Boot.php(334): CodeIgniter\CodeIgniter->run()
 7 SYSTEMPATH\Boot.php(67): CodeIgniter\Boot::runCodeIgniter(Object(CodeIgniter\CodeIgniter))
 8 FCPATH\index.php(56): CodeIgniter\Boot::bootWeb(Object(Config\Paths))
CRITICAL - 2026-02-26 20:02:30 --> ErrorException: Attempt to read property "id" on array
[Method: GET, Route: /]
in APPPATH\Controllers\Home.php on line 163.
 1 APPPATH\Controllers\Home.php(163): CodeIgniter\Debug\Exceptions->errorHandler(2, 'Attempt to read property "id" on array', 'C:\\xampp\\htdocs\\VitalGymSistema\\app\\Controllers\\Home.php', 163)
 2 APPPATH\Controllers\Home.php(17): App\Controllers\Home->ObtenerUsuario()
 3 SYSTEMPATH\CodeIgniter.php(933): App\Controllers\Home->index()
 4 SYSTEMPATH\CodeIgniter.php(509): CodeIgniter\CodeIgniter->runController(Object(App\Controllers\Home))
 5 SYSTEMPATH\CodeIgniter.php(355): CodeIgniter\CodeIgniter->handleRequest(null, Object(Config\Cache), false)
 6 SYSTEMPATH\Boot.php(334): CodeIgniter\CodeIgniter->run()
 7 SYSTEMPATH\Boot.php(67): CodeIgniter\Boot::runCodeIgniter(Object(CodeIgniter\CodeIgniter))
 8 FCPATH\index.php(56): CodeIgniter\Boot::bootWeb(Object(Config\Paths))
CRITICAL - 2026-02-26 20:14:03 --> ParseError: syntax error, unexpected variable "$idUser", expecting "function" or "const"
[Method: GET, Route: acceso-clientes]
in APPPATH\Controllers\Kiosko.php on line 12.
 1 SYSTEMPATH\Autoloader\Autoloader.php(295): CodeIgniter\Autoloader\Autoloader->includeFile('C:\\xampp\\htdocs\\VitalGymSistema\\app\\Controllers\\Kiosko.php')
 2 SYSTEMPATH\Autoloader\Autoloader.php(271): CodeIgniter\Autoloader\Autoloader->loadInNamespace('App\\Controllers\\Kiosko')
 3 [internal function]: CodeIgniter\Autoloader\Autoloader->loadClass('App\\Controllers\\Kiosko')
 4 SYSTEMPATH\CodeIgniter.php(887): class_exists('\\App\\Controllers\\Kiosko', true)
 5 SYSTEMPATH\CodeIgniter.php(496): CodeIgniter\CodeIgniter->startController()
 6 SYSTEMPATH\CodeIgniter.php(355): CodeIgniter\CodeIgniter->handleRequest(null, Object(Config\Cache), false)
 7 SYSTEMPATH\Boot.php(334): CodeIgniter\CodeIgniter->run()
 8 SYSTEMPATH\Boot.php(67): CodeIgniter\Boot::runCodeIgniter(Object(CodeIgniter\CodeIgniter))
 9 FCPATH\index.php(56): CodeIgniter\Boot::bootWeb(Object(Config\Paths))
10 SYSTEMPATH\rewrite.php(44): require_once('C:\\xampp\\htdocs\\VitalGymSistema\\public\\index.php')
CRITICAL - 2026-02-26 20:14:04 --> ParseError: syntax error, unexpected variable "$idUser", expecting "function" or "const"
[Method: GET, Route: acceso-clientes]
in APPPATH\Controllers\Kiosko.php on line 12.
 1 SYSTEMPATH\Autoloader\Autoloader.php(295): CodeIgniter\Autoloader\Autoloader->includeFile('C:\\xampp\\htdocs\\VitalGymSistema\\app\\Controllers\\Kiosko.php')
 2 SYSTEMPATH\Autoloader\Autoloader.php(271): CodeIgniter\Autoloader\Autoloader->loadInNamespace('App\\Controllers\\Kiosko')
 3 [internal function]: CodeIgniter\Autoloader\Autoloader->loadClass('App\\Controllers\\Kiosko')
 4 SYSTEMPATH\CodeIgniter.php(887): class_exists('\\App\\Controllers\\Kiosko', true)
 5 SYSTEMPATH\CodeIgniter.php(496): CodeIgniter\CodeIgniter->startController()
 6 SYSTEMPATH\CodeIgniter.php(355): CodeIgniter\CodeIgniter->handleRequest(null, Object(Config\Cache), false)
 7 SYSTEMPATH\Boot.php(334): CodeIgniter\CodeIgniter->run()
 8 SYSTEMPATH\Boot.php(67): CodeIgniter\Boot::runCodeIgniter(Object(CodeIgniter\CodeIgniter))
 9 FCPATH\index.php(56): CodeIgniter\Boot::bootWeb(Object(Config\Paths))
10 SYSTEMPATH\rewrite.php(44): require_once('C:\\xampp\\htdocs\\VitalGymSistema\\public\\index.php')
CRITICAL - 2026-02-26 20:14:06 --> ParseError: syntax error, unexpected variable "$idUser", expecting "function" or "const"
[Method: GET, Route: acceso-clientes]
in APPPATH\Controllers\Kiosko.php on line 12.
 1 SYSTEMPATH\Autoloader\Autoloader.php(295): CodeIgniter\Autoloader\Autoloader->includeFile('C:\\xampp\\htdocs\\VitalGymSistema\\app\\Controllers\\Kiosko.php')
 2 SYSTEMPATH\Autoloader\Autoloader.php(271): CodeIgniter\Autoloader\Autoloader->loadInNamespace('App\\Controllers\\Kiosko')
 3 [internal function]: CodeIgniter\Autoloader\Autoloader->loadClass('App\\Controllers\\Kiosko')
 4 SYSTEMPATH\CodeIgniter.php(887): class_exists('\\App\\Controllers\\Kiosko', true)
 5 SYSTEMPATH\CodeIgniter.php(496): CodeIgniter\CodeIgniter->startController()
 6 SYSTEMPATH\CodeIgniter.php(355): CodeIgniter\CodeIgniter->handleRequest(null, Object(Config\Cache), false)
 7 SYSTEMPATH\Boot.php(334): CodeIgniter\CodeIgniter->run()
 8 SYSTEMPATH\Boot.php(67): CodeIgniter\Boot::runCodeIgniter(Object(CodeIgniter\CodeIgniter))
 9 FCPATH\index.php(56): CodeIgniter\Boot::bootWeb(Object(Config\Paths))
10 SYSTEMPATH\rewrite.php(44): require_once('C:\\xampp\\htdocs\\VitalGymSistema\\public\\index.php')
