CRITICAL - 2026-02-27 18:23:19 --> ErrorException: Undefined array key "huella"
[Method: POST, Route: RegistroddeAsistencia]
in APPPATH\Controllers\Kiosko.php on line 244.
 1 APPPATH\Controllers\Kiosko.php(244): CodeIgniter\Debug\Exceptions->errorHandler(2, 'Undefined array key "huella"', 'C:\\xampp\\htdocs\\VitalGymSistema\\app\\Controllers\\Kiosko.php', 244)
 2 SYSTEMPATH\CodeIgniter.php(933): App\Controllers\Kiosko->RegistroddeAsistencia()
 3 SYSTEMPATH\CodeIgniter.php(509): CodeIgniter\CodeIgniter->runController(Object(App\Controllers\Kiosko))
 4 SYSTEMPATH\CodeIgniter.php(355): CodeIgniter\CodeIgniter->handleRequest(null, Object(Config\Cache), false)
 5 SYSTEMPATH\Boot.php(334): CodeIgniter\CodeIgniter->run()
 6 SYSTEMPATH\Boot.php(67): CodeIgniter\Boot::runCodeIgniter(Object(CodeIgniter\CodeIgniter))
 7 FCPATH\index.php(56): CodeIgniter\Boot::bootWeb(Object(Config\Paths))
 8 SYSTEMPATH\rewrite.php(44): require_once('C:\\xampp\\htdocs\\VitalGymSistema\\public\\index.php')
CRITICAL - 2026-02-27 18:24:58 --> ErrorException: Undefined array key "huella"
[Method: POST, Route: RegistroddeAsistencia]
in APPPATH\Controllers\Kiosko.php on line 244.
 1 APPPATH\Controllers\Kiosko.php(244): CodeIgniter\Debug\Exceptions->errorHandler(2, 'Undefined array key "huella"', 'C:\\xampp\\htdocs\\VitalGymSistema\\app\\Controllers\\Kiosko.php', 244)
 2 SYSTEMPATH\CodeIgniter.php(933): App\Controllers\Kiosko->RegistroddeAsistencia()
 3 SYSTEMPATH\CodeIgniter.php(509): CodeIgniter\CodeIgniter->runController(Object(App\Controllers\Kiosko))
 4 SYSTEMPATH\CodeIgniter.php(355): CodeIgniter\CodeIgniter->handleRequest(null, Object(Config\Cache), false)
 5 SYSTEMPATH\Boot.php(334): CodeIgniter\CodeIgniter->run()
 6 SYSTEMPATH\Boot.php(67): CodeIgniter\Boot::runCodeIgniter(Object(CodeIgniter\CodeIgniter))
 7 FCPATH\index.php(56): CodeIgniter\Boot::bootWeb(Object(Config\Paths))
 8 SYSTEMPATH\rewrite.php(44): require_once('C:\\xampp\\htdocs\\VitalGymSistema\\public\\index.php')
CRITICAL - 2026-02-27 18:34:32 --> ErrorException: Undefined array key "huella"
[Method: POST, Route: RegistroddeAsistencia]
in APPPATH\Controllers\Kiosko.php on line 244.
 1 APPPATH\Controllers\Kiosko.php(244): CodeIgniter\Debug\Exceptions->errorHandler(2, 'Undefined array key "huella"', 'C:\\xampp\\htdocs\\VitalGymSistema\\app\\Controllers\\Kiosko.php', 244)
 2 SYSTEMPATH\CodeIgniter.php(933): App\Controllers\Kiosko->RegistroddeAsistencia()
 3 SYSTEMPATH\CodeIgniter.php(509): CodeIgniter\CodeIgniter->runController(Object(App\Controllers\Kiosko))
 4 SYSTEMPATH\CodeIgniter.php(355): CodeIgniter\CodeIgniter->handleRequest(null, Object(Config\Cache), false)
 5 SYSTEMPATH\Boot.php(334): CodeIgniter\CodeIgniter->run()
 6 SYSTEMPATH\Boot.php(67): CodeIgniter\Boot::runCodeIgniter(Object(CodeIgniter\CodeIgniter))
 7 FCPATH\index.php(56): CodeIgniter\Boot::bootWeb(Object(Config\Paths))
 8 SYSTEMPATH\rewrite.php(44): require_once('C:\\xampp\\htdocs\\VitalGymSistema\\public\\index.php')
CRITICAL - 2026-02-27 18:36:05 --> ErrorException: Undefined array key "huella"
[Method: POST, Route: RegistroddeAsistencia]
in APPPATH\Controllers\Kiosko.php on line 244.
 1 APPPATH\Controllers\Kiosko.php(244): CodeIgniter\Debug\Exceptions->errorHandler(2, 'Undefined array key "huella"', 'C:\\xampp\\htdocs\\VitalGymSistema\\app\\Controllers\\Kiosko.php', 244)
 2 SYSTEMPATH\CodeIgniter.php(933): App\Controllers\Kiosko->RegistroddeAsistencia()
 3 SYSTEMPATH\CodeIgniter.php(509): CodeIgniter\CodeIgniter->runController(Object(App\Controllers\Kiosko))
 4 SYSTEMPATH\CodeIgniter.php(355): CodeIgniter\CodeIgniter->handleRequest(null, Object(Config\Cache), false)
 5 SYSTEMPATH\Boot.php(334): CodeIgniter\CodeIgniter->run()
 6 SYSTEMPATH\Boot.php(67): CodeIgniter\Boot::runCodeIgniter(Object(CodeIgniter\CodeIgniter))
 7 FCPATH\index.php(56): CodeIgniter\Boot::bootWeb(Object(Config\Paths))
 8 SYSTEMPATH\rewrite.php(44): require_once('C:\\xampp\\htdocs\\VitalGymSistema\\public\\index.php')
CRITICAL - 2026-02-27 18:37:41 --> ErrorException: Undefined array key "huella"
[Method: POST, Route: RegistroddeAsistencia]
in APPPATH\Controllers\Kiosko.php on line 244.
 1 APPPATH\Controllers\Kiosko.php(244): CodeIgniter\Debug\Exceptions->errorHandler(2, 'Undefined array key "huella"', 'C:\\xampp\\htdocs\\VitalGymSistema\\app\\Controllers\\Kiosko.php', 244)
 2 SYSTEMPATH\CodeIgniter.php(933): App\Controllers\Kiosko->RegistroddeAsistencia()
 3 SYSTEMPATH\CodeIgniter.php(509): CodeIgniter\CodeIgniter->runController(Object(App\Controllers\Kiosko))
 4 SYSTEMPATH\CodeIgniter.php(355): CodeIgniter\CodeIgniter->handleRequest(null, Object(Config\Cache), false)
 5 SYSTEMPATH\Boot.php(334): CodeIgniter\CodeIgniter->run()
 6 SYSTEMPATH\Boot.php(67): CodeIgniter\Boot::runCodeIgniter(Object(CodeIgniter\CodeIgniter))
 7 FCPATH\index.php(56): CodeIgniter\Boot::bootWeb(Object(Config\Paths))
 8 SYSTEMPATH\rewrite.php(44): require_once('C:\\xampp\\htdocs\\VitalGymSistema\\public\\index.php')
CRITICAL - 2026-02-27 18:38:05 --> ErrorException: Undefined array key "huella"
[Method: POST, Route: RegistroddeAsistencia]
in APPPATH\Controllers\Kiosko.php on line 244.
 1 APPPATH\Controllers\Kiosko.php(244): CodeIgniter\Debug\Exceptions->errorHandler(2, 'Undefined array key "huella"', 'C:\\xampp\\htdocs\\VitalGymSistema\\app\\Controllers\\Kiosko.php', 244)
 2 SYSTEMPATH\CodeIgniter.php(933): App\Controllers\Kiosko->RegistroddeAsistencia()
 3 SYSTEMPATH\CodeIgniter.php(509): CodeIgniter\CodeIgniter->runController(Object(App\Controllers\Kiosko))
 4 SYSTEMPATH\CodeIgniter.php(355): CodeIgniter\CodeIgniter->handleRequest(null, Object(Config\Cache), false)
 5 SYSTEMPATH\Boot.php(334): CodeIgniter\CodeIgniter->run()
 6 SYSTEMPATH\Boot.php(67): CodeIgniter\Boot::runCodeIgniter(Object(CodeIgniter\CodeIgniter))
 7 FCPATH\index.php(56): CodeIgniter\Boot::bootWeb(Object(Config\Paths))
 8 SYSTEMPATH\rewrite.php(44): require_once('C:\\xampp\\htdocs\\VitalGymSistema\\public\\index.php')
CRITICAL - 2026-02-27 18:38:24 --> ErrorException: Undefined array key "huella"
[Method: POST, Route: RegistroddeAsistencia]
in APPPATH\Controllers\Kiosko.php on line 244.
 1 APPPATH\Controllers\Kiosko.php(244): CodeIgniter\Debug\Exceptions->errorHandler(2, 'Undefined array key "huella"', 'C:\\xampp\\htdocs\\VitalGymSistema\\app\\Controllers\\Kiosko.php', 244)
 2 SYSTEMPATH\CodeIgniter.php(933): App\Controllers\Kiosko->RegistroddeAsistencia()
 3 SYSTEMPATH\CodeIgniter.php(509): CodeIgniter\CodeIgniter->runController(Object(App\Controllers\Kiosko))
 4 SYSTEMPATH\CodeIgniter.php(355): CodeIgniter\CodeIgniter->handleRequest(null, Object(Config\Cache), false)
 5 SYSTEMPATH\Boot.php(334): CodeIgniter\CodeIgniter->run()
 6 SYSTEMPATH\Boot.php(67): CodeIgniter\Boot::runCodeIgniter(Object(CodeIgniter\CodeIgniter))
 7 FCPATH\index.php(56): CodeIgniter\Boot::bootWeb(Object(Config\Paths))
 8 SYSTEMPATH\rewrite.php(44): require_once('C:\\xampp\\htdocs\\VitalGymSistema\\public\\index.php')
CRITICAL - 2026-02-27 18:38:50 --> ErrorException: Undefined array key "huella"
[Method: POST, Route: RegistroddeAsistencia]
in APPPATH\Controllers\Kiosko.php on line 244.
 1 APPPATH\Controllers\Kiosko.php(244): CodeIgniter\Debug\Exceptions->errorHandler(2, 'Undefined array key "huella"', 'C:\\xampp\\htdocs\\VitalGymSistema\\app\\Controllers\\Kiosko.php', 244)
 2 SYSTEMPATH\CodeIgniter.php(933): App\Controllers\Kiosko->RegistroddeAsistencia()
 3 SYSTEMPATH\CodeIgniter.php(509): CodeIgniter\CodeIgniter->runController(Object(App\Controllers\Kiosko))
 4 SYSTEMPATH\CodeIgniter.php(355): CodeIgniter\CodeIgniter->handleRequest(null, Object(Config\Cache), false)
 5 SYSTEMPATH\Boot.php(334): CodeIgniter\CodeIgniter->run()
 6 SYSTEMPATH\Boot.php(67): CodeIgniter\Boot::runCodeIgniter(Object(CodeIgniter\CodeIgniter))
 7 FCPATH\index.php(56): CodeIgniter\Boot::bootWeb(Object(Config\Paths))
 8 SYSTEMPATH\rewrite.php(44): require_once('C:\\xampp\\htdocs\\VitalGymSistema\\public\\index.php')
CRITICAL - 2026-02-27 18:39:42 --> ErrorException: Undefined array key "huella"
[Method: POST, Route: RegistroddeAsistencia]
in APPPATH\Controllers\Kiosko.php on line 244.
 1 APPPATH\Controllers\Kiosko.php(244): CodeIgniter\Debug\Exceptions->errorHandler(2, 'Undefined array key "huella"', 'C:\\xampp\\htdocs\\VitalGymSistema\\app\\Controllers\\Kiosko.php', 244)
 2 SYSTEMPATH\CodeIgniter.php(933): App\Controllers\Kiosko->RegistroddeAsistencia()
 3 SYSTEMPATH\CodeIgniter.php(509): CodeIgniter\CodeIgniter->runController(Object(App\Controllers\Kiosko))
 4 SYSTEMPATH\CodeIgniter.php(355): CodeIgniter\CodeIgniter->handleRequest(null, Object(Config\Cache), false)
 5 SYSTEMPATH\Boot.php(334): CodeIgniter\CodeIgniter->run()
 6 SYSTEMPATH\Boot.php(67): CodeIgniter\Boot::runCodeIgniter(Object(CodeIgniter\CodeIgniter))
 7 FCPATH\index.php(56): CodeIgniter\Boot::bootWeb(Object(Config\Paths))
 8 SYSTEMPATH\rewrite.php(44): require_once('C:\\xampp\\htdocs\\VitalGymSistema\\public\\index.php')
CRITICAL - 2026-02-27 18:40:20 --> ErrorException: Undefined array key "huella"
[Method: POST, Route: RegistroddeAsistencia]
in APPPATH\Controllers\Kiosko.php on line 244.
 1 APPPATH\Controllers\Kiosko.php(244): CodeIgniter\Debug\Exceptions->errorHandler(2, 'Undefined array key "huella"', 'C:\\xampp\\htdocs\\VitalGymSistema\\app\\Controllers\\Kiosko.php', 244)
 2 SYSTEMPATH\CodeIgniter.php(933): App\Controllers\Kiosko->RegistroddeAsistencia()
 3 SYSTEMPATH\CodeIgniter.php(509): CodeIgniter\CodeIgniter->runController(Object(App\Controllers\Kiosko))
 4 SYSTEMPATH\CodeIgniter.php(355): CodeIgniter\CodeIgniter->handleRequest(null, Object(Config\Cache), false)
 5 SYSTEMPATH\Boot.php(334): CodeIgniter\CodeIgniter->run()
 6 SYSTEMPATH\Boot.php(67): CodeIgniter\Boot::runCodeIgniter(Object(CodeIgniter\CodeIgniter))
 7 FCPATH\index.php(56): CodeIgniter\Boot::bootWeb(Object(Config\Paths))
 8 SYSTEMPATH\rewrite.php(44): require_once('C:\\xampp\\htdocs\\VitalGymSistema\\public\\index.php')
CRITICAL - 2026-02-27 18:40:43 --> ErrorException: Undefined array key "huella"
[Method: POST, Route: RegistroddeAsistencia]
in APPPATH\Controllers\Kiosko.php on line 244.
 1 APPPATH\Controllers\Kiosko.php(244): CodeIgniter\Debug\Exceptions->errorHandler(2, 'Undefined array key "huella"', 'C:\\xampp\\htdocs\\VitalGymSistema\\app\\Controllers\\Kiosko.php', 244)
 2 SYSTEMPATH\CodeIgniter.php(933): App\Controllers\Kiosko->RegistroddeAsistencia()
 3 SYSTEMPATH\CodeIgniter.php(509): CodeIgniter\CodeIgniter->runController(Object(App\Controllers\Kiosko))
 4 SYSTEMPATH\CodeIgniter.php(355): CodeIgniter\CodeIgniter->handleRequest(null, Object(Config\Cache), false)
 5 SYSTEMPATH\Boot.php(334): CodeIgniter\CodeIgniter->run()
 6 SYSTEMPATH\Boot.php(67): CodeIgniter\Boot::runCodeIgniter(Object(CodeIgniter\CodeIgniter))
 7 FCPATH\index.php(56): CodeIgniter\Boot::bootWeb(Object(Config\Paths))
 8 SYSTEMPATH\rewrite.php(44): require_once('C:\\xampp\\htdocs\\VitalGymSistema\\public\\index.php')
CRITICAL - 2026-02-27 18:40:46 --> ErrorException: Undefined array key "huella"
[Method: POST, Route: RegistroddeAsistencia]
in APPPATH\Controllers\Kiosko.php on line 244.
 1 APPPATH\Controllers\Kiosko.php(244): CodeIgniter\Debug\Exceptions->errorHandler(2, 'Undefined array key "huella"', 'C:\\xampp\\htdocs\\VitalGymSistema\\app\\Controllers\\Kiosko.php', 244)
 2 SYSTEMPATH\CodeIgniter.php(933): App\Controllers\Kiosko->RegistroddeAsistencia()
 3 SYSTEMPATH\CodeIgniter.php(509): CodeIgniter\CodeIgniter->runController(Object(App\Controllers\Kiosko))
 4 SYSTEMPATH\CodeIgniter.php(355): CodeIgniter\CodeIgniter->handleRequest(null, Object(Config\Cache), false)
 5 SYSTEMPATH\Boot.php(334): CodeIgniter\CodeIgniter->run()
 6 SYSTEMPATH\Boot.php(67): CodeIgniter\Boot::runCodeIgniter(Object(CodeIgniter\CodeIgniter))
 7 FCPATH\index.php(56): CodeIgniter\Boot::bootWeb(Object(Config\Paths))
 8 SYSTEMPATH\rewrite.php(44): require_once('C:\\xampp\\htdocs\\VitalGymSistema\\public\\index.php')
CRITICAL - 2026-02-27 18:45:40 --> CodeIgniter\Database\Exceptions\DataException: There is no data to insert.
[Method: POST, Route: RegistroddeAsistencia]
in SYSTEMPATH\BaseModel.php on line 825.
 1 SYSTEMPATH\BaseModel.php(825): CodeIgniter\Database\Exceptions\DataException::forEmptyDataset('insert')
 2 SYSTEMPATH\Model.php(800): CodeIgniter\BaseModel->insert([], true)
 3 APPPATH\Controllers\Kiosko.php(259): CodeIgniter\Model->insert([...])
 4 SYSTEMPATH\CodeIgniter.php(933): App\Controllers\Kiosko->RegistroddeAsistencia()
 5 SYSTEMPATH\CodeIgniter.php(509): CodeIgniter\CodeIgniter->runController(Object(App\Controllers\Kiosko))
 6 SYSTEMPATH\CodeIgniter.php(355): CodeIgniter\CodeIgniter->handleRequest(null, Object(Config\Cache), false)
 7 SYSTEMPATH\Boot.php(334): CodeIgniter\CodeIgniter->run()
 8 SYSTEMPATH\Boot.php(67): CodeIgniter\Boot::runCodeIgniter(Object(CodeIgniter\CodeIgniter))
 9 FCPATH\index.php(56): CodeIgniter\Boot::bootWeb(Object(Config\Paths))
10 SYSTEMPATH\rewrite.php(44): require_once('C:\\xampp\\htdocs\\VitalGymSistema\\public\\index.php')
CRITICAL - 2026-02-27 18:57:22 --> CodeIgniter\Database\Exceptions\DataException: There is no data to insert.
[Method: POST, Route: RegistroddeAsistencia]
in SYSTEMPATH\BaseModel.php on line 825.
 1 SYSTEMPATH\BaseModel.php(825): CodeIgniter\Database\Exceptions\DataException::forEmptyDataset('insert')
 2 SYSTEMPATH\Model.php(800): CodeIgniter\BaseModel->insert([], true)
 3 APPPATH\Controllers\Kiosko.php(259): CodeIgniter\Model->insert([...])
 4 SYSTEMPATH\CodeIgniter.php(933): App\Controllers\Kiosko->RegistroddeAsistencia()
 5 SYSTEMPATH\CodeIgniter.php(509): CodeIgniter\CodeIgniter->runController(Object(App\Controllers\Kiosko))
 6 SYSTEMPATH\CodeIgniter.php(355): CodeIgniter\CodeIgniter->handleRequest(null, Object(Config\Cache), false)
 7 SYSTEMPATH\Boot.php(334): CodeIgniter\CodeIgniter->run()
 8 SYSTEMPATH\Boot.php(67): CodeIgniter\Boot::runCodeIgniter(Object(CodeIgniter\CodeIgniter))
 9 FCPATH\index.php(56): CodeIgniter\Boot::bootWeb(Object(Config\Paths))
10 SYSTEMPATH\rewrite.php(44): require_once('C:\\xampp\\htdocs\\VitalGymSistema\\public\\index.php')
CRITICAL - 2026-02-27 19:27:28 --> ErrorException: Undefined array key "id"
[Method: POST, Route: RegistroddeAsistencia]
in APPPATH\Controllers\Kiosko.php on line 282.
 1 APPPATH\Controllers\Kiosko.php(282): CodeIgniter\Debug\Exceptions->errorHandler(2, 'Undefined array key "id"', 'C:\\xampp\\htdocs\\VitalGymSistema\\app\\Controllers\\Kiosko.php', 282)
 2 SYSTEMPATH\CodeIgniter.php(933): App\Controllers\Kiosko->RegistroddeAsistencia()
 3 SYSTEMPATH\CodeIgniter.php(509): CodeIgniter\CodeIgniter->runController(Object(App\Controllers\Kiosko))
 4 SYSTEMPATH\CodeIgniter.php(355): CodeIgniter\CodeIgniter->handleRequest(null, Object(Config\Cache), false)
 5 SYSTEMPATH\Boot.php(334): CodeIgniter\CodeIgniter->run()
 6 SYSTEMPATH\Boot.php(67): CodeIgniter\Boot::runCodeIgniter(Object(CodeIgniter\CodeIgniter))
 7 FCPATH\index.php(56): CodeIgniter\Boot::bootWeb(Object(Config\Paths))
 8 SYSTEMPATH\rewrite.php(44): require_once('C:\\xampp\\htdocs\\VitalGymSistema\\public\\index.php')
CRITICAL - 2026-02-27 19:27:40 --> ErrorException: Undefined array key "id"
[Method: POST, Route: RegistroddeAsistencia]
in APPPATH\Controllers\Kiosko.php on line 282.
 1 APPPATH\Controllers\Kiosko.php(282): CodeIgniter\Debug\Exceptions->errorHandler(2, 'Undefined array key "id"', 'C:\\xampp\\htdocs\\VitalGymSistema\\app\\Controllers\\Kiosko.php', 282)
 2 SYSTEMPATH\CodeIgniter.php(933): App\Controllers\Kiosko->RegistroddeAsistencia()
 3 SYSTEMPATH\CodeIgniter.php(509): CodeIgniter\CodeIgniter->runController(Object(App\Controllers\Kiosko))
 4 SYSTEMPATH\CodeIgniter.php(355): CodeIgniter\CodeIgniter->handleRequest(null, Object(Config\Cache), false)
 5 SYSTEMPATH\Boot.php(334): CodeIgniter\CodeIgniter->run()
 6 SYSTEMPATH\Boot.php(67): CodeIgniter\Boot::runCodeIgniter(Object(CodeIgniter\CodeIgniter))
 7 FCPATH\index.php(56): CodeIgniter\Boot::bootWeb(Object(Config\Paths))
 8 SYSTEMPATH\rewrite.php(44): require_once('C:\\xampp\\htdocs\\VitalGymSistema\\public\\index.php')
CRITICAL - 2026-02-27 19:29:37 --> ErrorException: Undefined array key "id"
[Method: POST, Route: RegistroddeAsistencia]
in APPPATH\Controllers\Kiosko.php on line 282.
 1 APPPATH\Controllers\Kiosko.php(282): CodeIgniter\Debug\Exceptions->errorHandler(2, 'Undefined array key "id"', 'C:\\xampp\\htdocs\\VitalGymSistema\\app\\Controllers\\Kiosko.php', 282)
 2 SYSTEMPATH\CodeIgniter.php(933): App\Controllers\Kiosko->RegistroddeAsistencia()
 3 SYSTEMPATH\CodeIgniter.php(509): CodeIgniter\CodeIgniter->runController(Object(App\Controllers\Kiosko))
 4 SYSTEMPATH\CodeIgniter.php(355): CodeIgniter\CodeIgniter->handleRequest(null, Object(Config\Cache), false)
 5 SYSTEMPATH\Boot.php(334): CodeIgniter\CodeIgniter->run()
 6 SYSTEMPATH\Boot.php(67): CodeIgniter\Boot::runCodeIgniter(Object(CodeIgniter\CodeIgniter))
 7 FCPATH\index.php(56): CodeIgniter\Boot::bootWeb(Object(Config\Paths))
 8 SYSTEMPATH\rewrite.php(44): require_once('C:\\xampp\\htdocs\\VitalGymSistema\\public\\index.php')
